TN:
SF:src/modules/appointments/services/CreateAppointmentService.ts
FN:13,CreateAppointmentService
FN:20,Object.<anonymous>.CreateAppointmentService.execute
FNF:2
FNH:2
FNDA:5,CreateAppointmentService
FNDA:7,Object.<anonymous>.CreateAppointmentService.execute
DA:1,1
DA:2,1
DA:3,1
DA:4,1
DA:5,1
DA:6,1
DA:7,1
DA:8,1
DA:9,1
DA:10,1
DA:11,1
DA:12,2
DA:13,2
DA:14,5
DA:15,5
DA:16,5
DA:17,5
DA:18,2
DA:19,2
DA:20,2
DA:21,7
DA:22,7
DA:23,7
DA:24,5
DA:25,5
DA:26,7
DA:27,4
DA:28,4
DA:29,7
DA:30,7
DA:31,7
DA:32,7
DA:33,7
DA:34,7
DA:35,7
DA:36,7
DA:37,7
DA:38,7
DA:39,7
DA:40,7
DA:41,7
DA:42,7
DA:43,7
DA:44,7
DA:45,7
DA:46,7
DA:47,7
DA:48,7
DA:49,7
DA:50,2
LF:50
LH:50
BRDA:12,0,0,2
BRDA:13,1,0,5
BRDA:20,2,0,7
BRDA:23,3,0,2
BRDA:24,4,0,5
BRDA:26,5,0,1
BRDA:27,6,0,4
BRDA:30,7,0,0
BRF:8
BRH:7
end_of_record
TN:
SF:src/modules/appointments/services/ListProviderAppointments.ts
FN:15,ListProviderAppointmentsService
FN:20,Object.<anonymous>.ListProviderAppointmentsService.execute
FNF:2
FNH:2
FNDA:1,ListProviderAppointmentsService
FNDA:1,Object.<anonymous>.ListProviderAppointmentsService.execute
DA:1,1
DA:2,1
DA:3,1
DA:4,1
DA:5,1
DA:6,1
DA:7,1
DA:8,1
DA:9,1
DA:10,1
DA:11,1
DA:12,1
DA:13,1
DA:14,1
DA:15,1
DA:16,1
DA:17,1
DA:18,1
DA:19,1
DA:20,1
DA:21,1
DA:22,1
DA:23,1
DA:24,1
DA:25,1
DA:26,1
DA:27,1
DA:28,1
DA:29,1
DA:30,1
DA:31,1
DA:32,1
DA:33,1
DA:34,1
DA:35,1
DA:36,1
DA:37,1
LF:37
LH:37
BRDA:14,0,0,1
BRDA:15,1,0,1
BRDA:20,2,0,1
BRDA:21,3,0,1
BRDA:24,4,0,0
BRDA:33,5,0,1
BRF:6
BRH:5
end_of_record
TN:
SF:src/modules/appointments/services/ListProviderDayAvailabilityService.ts
FN:13,ListProviderDayAvailabilityService
FN:15,Object.<anonymous>.ListProviderDayAvailabilityService.execute
FNF:2
FNH:2
FNDA:1,ListProviderDayAvailabilityService
FNDA:1,Object.<anonymous>.ListProviderDayAvailabilityService.execute
DA:1,1
DA:2,1
DA:3,1
DA:4,1
DA:5,1
DA:6,1
DA:7,1
DA:8,1
DA:9,1
DA:10,1
DA:11,1
DA:12,1
DA:13,1
DA:14,1
DA:15,1
DA:16,1
DA:17,1
DA:18,1
DA:19,1
DA:20,1
DA:21,1
DA:22,1
DA:23,1
DA:24,1
DA:25,1
DA:26,1
DA:27,10
DA:28,10
DA:29,10
DA:30,10
DA:31,10
DA:32,10
DA:33,1
DA:34,1
DA:35,1
DA:36,1
DA:37,1
DA:38,1
DA:39,1
LF:39
LH:39
BRDA:12,0,0,1
BRDA:13,1,0,1
BRDA:15,2,0,1
BRDA:16,3,0,1
BRDA:24,4,0,10
BRDA:26,5,0,10
BRDA:31,6,0,8
BRDA:27,7,0,19
BRF:8
BRH:8
end_of_record
TN:
SF:src/modules/appointments/services/ListProviderMonthAvailabilityService.ts
FN:18,ListProviderMonthAvailabilityService
FN:20,Object.<anonymous>.ListProviderMonthAvailabilityService.execute
FNF:2
FNH:2
FNDA:1,ListProviderMonthAvailabilityService
FNDA:1,Object.<anonymous>.ListProviderMonthAvailabilityService.execute
DA:1,1
DA:2,1
DA:3,1
DA:4,1
DA:5,1
DA:6,1
DA:7,1
DA:8,1
DA:9,1
DA:10,1
DA:11,1
DA:12,1
DA:13,1
DA:14,1
DA:15,1
DA:16,1
DA:17,1
DA:18,1
DA:19,1
DA:20,1
DA:21,1
DA:22,1
DA:23,1
DA:24,1
DA:25,1
DA:26,1
DA:27,1
DA:28,1
DA:29,1
DA:30,31
DA:31,31
DA:32,31
DA:33,31
DA:34,31
DA:35,1
DA:36,1
DA:37,1
DA:38,1
DA:39,1
DA:40,1
DA:41,1
LF:41
LH:41
BRDA:17,0,0,1
BRDA:18,1,0,1
BRDA:20,2,0,1
BRDA:21,3,0,1
BRDA:27,4,0,31
BRDA:29,5,0,31
BRDA:30,6,0,403
BRF:7
BRH:7
end_of_record
TN:
SF:src/modules/appointments/services/ListProvidersService.ts
FN:13,ListProvidersService
FN:18,Object.<anonymous>.ListProvidersService.execute
FNF:2
FNH:2
FNDA:1,ListProvidersService
FNDA:1,Object.<anonymous>.ListProvidersService.execute
DA:1,1
DA:2,1
DA:3,1
DA:4,1
DA:5,1
DA:6,1
DA:7,1
DA:8,1
DA:9,1
DA:10,1
DA:11,1
DA:12,1
DA:13,1
DA:14,1
DA:15,1
DA:16,1
DA:17,1
DA:18,1
DA:19,1
DA:20,1
DA:21,1
DA:22,1
DA:23,1
DA:24,1
DA:25,1
DA:26,1
DA:27,1
DA:28,1
DA:29,1
LF:29
LH:29
BRDA:12,0,0,1
BRDA:13,1,0,1
BRDA:18,2,0,1
BRDA:19,3,0,1
BRDA:20,4,0,0
BRDA:25,5,0,1
BRF:6
BRH:5
end_of_record
TN:
SF:src/modules/users/services/AuthService.ts
FN:16,AuthService
FN:21,Object.<anonymous>.AuthService.execute
FNF:2
FNH:2
FNDA:3,AuthService
FNDA:3,Object.<anonymous>.AuthService.execute
DA:1,1
DA:2,1
DA:3,1
DA:4,1
DA:5,1
DA:6,1
DA:7,1
DA:8,1
DA:9,1
DA:10,1
DA:11,1
DA:12,1
DA:13,1
DA:14,1
DA:15,1
DA:16,1
DA:17,3
DA:18,3
DA:19,3
DA:20,1
DA:21,1
DA:22,3
DA:23,3
DA:24,3
DA:25,1
DA:26,1
DA:27,3
DA:28,3
DA:29,3
DA:30,3
DA:31,1
DA:32,1
DA:33,1
DA:34,1
DA:35,1
DA:36,1
DA:37,1
DA:38,3
DA:39,1
DA:40,1
DA:41,1
LF:41
LH:41
BRDA:15,0,0,1
BRDA:16,1,0,3
BRDA:21,2,0,3
BRDA:22,3,0,3
BRDA:24,4,0,1
BRDA:27,5,0,2
BRDA:27,6,0,0
BRDA:30,7,0,1
BRF:8
BRH:7
end_of_record
TN:
SF:src/modules/users/services/CreateUserService.ts
FN:15,CreateUserService
FN:21,Object.<anonymous>.CreateUserService.execute
FNF:2
FNH:2
FNDA:6,CreateUserService
FNDA:8,Object.<anonymous>.CreateUserService.execute
DA:1,1
DA:2,1
DA:3,1
DA:4,1
DA:5,1
DA:6,1
DA:7,1
DA:8,1
DA:9,1
DA:10,1
DA:11,1
DA:12,1
DA:13,1
DA:14,3
DA:15,3
DA:16,6
DA:17,6
DA:18,6
DA:19,6
DA:20,3
DA:21,3
DA:22,8
DA:23,8
DA:24,8
DA:25,1
DA:26,1
DA:27,7
DA:28,7
DA:29,8
DA:30,8
DA:31,8
DA:32,8
DA:33,8
DA:34,8
DA:35,8
DA:36,8
DA:37,8
DA:38,3
DA:39,1
DA:40,1
LF:40
LH:40
BRDA:14,0,0,3
BRDA:15,1,0,6
BRDA:21,2,0,8
BRDA:22,3,0,8
BRDA:24,4,0,1
BRDA:27,5,0,7
BRF:6
BRH:6
end_of_record
TN:
SF:src/modules/users/services/ForgotPasswordService.ts
FN:13,ForgotPasswordService
FN:19,Object.<anonymous>.ForgotPasswordService.execute
FNF:2
FNH:2
FNDA:3,ForgotPasswordService
FNDA:3,Object.<anonymous>.ForgotPasswordService.execute
DA:1,1
DA:2,1
DA:3,1
DA:4,1
DA:5,1
DA:6,1
DA:7,1
DA:8,1
DA:9,1
DA:10,1
DA:11,1
DA:12,1
DA:13,1
DA:14,3
DA:15,3
DA:16,3
DA:17,3
DA:18,1
DA:19,1
DA:20,3
DA:21,3
DA:22,2
DA:23,3
DA:24,3
DA:25,3
DA:26,3
DA:27,3
DA:28,3
DA:29,3
DA:30,3
DA:31,3
DA:32,3
DA:33,3
DA:34,3
DA:35,3
DA:36,3
DA:37,3
DA:38,1
DA:39,1
DA:40,1
LF:40
LH:40
BRDA:12,0,0,1
BRDA:13,1,0,3
BRDA:19,2,0,3
BRDA:20,3,0,3
BRDA:21,4,0,1
BRDA:22,5,0,2
BRF:6
BRH:6
end_of_record
TN:
SF:src/modules/users/services/ResetPasswordService.ts
FN:19,ResetPasswordService
FN:25,Object.<anonymous>.ResetPasswordService.execute
FNF:2
FNH:2
FNDA:4,ResetPasswordService
FNDA:4,Object.<anonymous>.ResetPasswordService.execute
DA:1,1
DA:2,1
DA:3,1
DA:4,1
DA:5,1
DA:6,1
DA:7,1
DA:8,1
DA:9,1
DA:10,1
DA:11,1
DA:12,1
DA:13,1
DA:14,1
DA:15,1
DA:16,1
DA:17,1
DA:18,1
DA:19,1
DA:20,4
DA:21,4
DA:22,4
DA:23,4
DA:24,1
DA:25,1
DA:26,4
DA:27,4
DA:28,3
DA:29,3
DA:30,3
DA:31,4
DA:32,2
DA:33,2
DA:34,4
DA:35,1
DA:36,1
DA:37,4
DA:38,4
DA:39,1
DA:40,1
DA:41,1
LF:41
LH:41
BRDA:18,0,0,1
BRDA:19,1,0,4
BRDA:25,2,0,4
BRDA:26,3,0,4
BRDA:27,4,0,1
BRDA:28,5,0,3
BRDA:31,6,0,1
BRDA:32,7,0,2
BRDA:34,8,0,1
BRF:9
BRH:9
end_of_record
TN:
SF:src/modules/users/services/ShowProfileService.ts
FN:11,ShowProfileService
FN:13,Object.<anonymous>.ShowProfileService.execute
FNF:2
FNH:2
FNDA:2,ShowProfileService
FNDA:2,Object.<anonymous>.ShowProfileService.execute
DA:1,1
DA:2,1
DA:3,1
DA:4,1
DA:5,1
DA:6,1
DA:7,1
DA:8,1
DA:9,1
DA:10,1
DA:11,1
DA:12,1
DA:13,1
DA:14,2
DA:15,2
DA:16,1
DA:17,2
DA:18,1
DA:19,1
DA:20,1
LF:20
LH:20
BRDA:10,0,0,1
BRDA:11,1,0,2
BRDA:13,2,0,2
BRDA:14,3,0,2
BRDA:15,4,0,1
BRF:5
BRH:5
end_of_record
TN:
SF:src/modules/users/services/UpdateProfileService.ts
FN:20,UpdateProfileService
FN:25,Object.<anonymous>.UpdateProfileService.execute
FNF:2
FNH:2
FNDA:5,UpdateProfileService
FNDA:5,Object.<anonymous>.UpdateProfileService.execute
DA:1,1
DA:2,1
DA:3,1
DA:4,1
DA:5,1
DA:6,1
DA:7,1
DA:8,1
DA:9,1
DA:10,1
DA:11,1
DA:12,1
DA:13,1
DA:14,1
DA:15,1
DA:16,1
DA:17,1
DA:18,1
DA:19,1
DA:20,1
DA:21,5
DA:22,5
DA:23,5
DA:24,1
DA:25,1
DA:26,5
DA:27,5
DA:28,1
DA:29,1
DA:30,5
DA:31,1
DA:32,1
DA:33,5
DA:34,5
DA:35,1
DA:36,1
DA:37,1
DA:38,5
DA:39,5
DA:40,5
DA:41,5
DA:42,5
DA:43,5
DA:44,1
DA:45,1
DA:46,1
LF:46
LH:46
BRDA:19,0,0,1
BRDA:20,1,0,5
BRDA:25,2,0,5
BRDA:26,3,0,5
BRDA:27,4,0,1
BRDA:30,5,0,4
BRDA:30,6,0,0
BRDA:30,7,0,4
BRDA:30,8,0,1
BRDA:33,9,0,3
BRDA:33,10,0,2
BRDA:33,11,0,1
BRDA:33,12,0,2
BRDA:34,13,0,0
BRDA:34,14,0,1
BRF:15
BRH:13
end_of_record
TN:
SF:src/modules/users/services/UpdateUserAvatarService.ts
FN:17,UpdateUserAvatarService
FN:22,Object.<anonymous>.UpdateUserAvatarService.execute
FNF:2
FNH:2
FNDA:3,UpdateUserAvatarService
FNDA:4,Object.<anonymous>.UpdateUserAvatarService.execute
DA:1,1
DA:2,1
DA:3,1
DA:4,1
DA:5,1
DA:6,1
DA:7,1
DA:8,1
DA:9,1
DA:10,1
DA:11,1
DA:12,1
DA:13,1
DA:14,1
DA:15,1
DA:16,1
DA:17,1
DA:18,3
DA:19,3
DA:20,3
DA:21,1
DA:22,1
DA:23,4
DA:24,4
DA:25,3
DA:26,3
DA:27,1
DA:28,4
DA:29,4
DA:30,4
DA:31,4
DA:32,4
DA:33,1
DA:34,1
DA:35,1
LF:35
LH:35
BRDA:16,0,0,1
BRDA:17,1,0,3
BRDA:22,2,0,4
BRDA:23,3,0,4
BRDA:24,4,0,1
BRDA:25,5,0,3
BRDA:26,6,0,2
BRDA:26,7,0,1
BRF:8
BRH:8
end_of_record
